<?xml version="1.0" encoding="UTF-8"?>
<!-- Generated by org.testng.reporters.JUnitReportReporter -->
<testsuite hostname="ShwetaSangolkar" failures="0" tests="1" name="com.sauce.qa.testpage.AboutPageTest" time="41.940" errors="0" timestamp="2023-03-14T08:30:49 SAST" skipped="0">
  <testcase classname="com.sauce.qa.testpage.AboutPageTest" name="validateClickOnAboutPageTest" time="41.940"/>
  <system-out/>
</testsuite> <!-- com.sauce.qa.testpage.AboutPageTest -->
