<?xml version="1.0" encoding="UTF-8"?>
<!-- Generated by org.testng.reporters.JUnitReportReporter -->
<testsuite hostname="ShwetaSangolkar" failures="0" tests="1" name="com.sauce.qa.pageobject.LogingFacebook" time="4.470" errors="0" timestamp="2023-03-17T08:08:43 SAST" skipped="0">
  <testcase classname="com.sauce.qa.pageobject.LogingFacebook" name="testcase1" time="4.470"/>
  <system-out/>
</testsuite> <!-- com.sauce.qa.pageobject.LogingFacebook -->
