<?xml version="1.0" encoding="UTF-8"?>
<!-- Generated by org.testng.reporters.JUnitReportReporter -->
<testsuite hostname="ShwetaSangolkar" failures="0" tests="3" name="com.sauce.qa.testpage.LoginPageTest" time="23.794" errors="0" timestamp="2023-03-17T15:34:02 SAST" skipped="0">
  <testcase classname="com.sauce.qa.testpage.LoginPageTest" name="validateLoginPageWithInValidDataTest" time="10.973"/>
  <system-out/>
  <testcase classname="com.sauce.qa.testpage.LoginPageTest" name="validateLoginPageTitleTest" time="2.182"/>
  <system-out/>
  <testcase classname="com.sauce.qa.testpage.LoginPageTest" name="validateLoginPageWithValidDataTest" time="10.639"/>
  <system-out/>
</testsuite> <!-- com.sauce.qa.testpage.LoginPageTest -->
