<?xml version="1.0" encoding="UTF-8"?>
<!-- Generated by org.testng.reporters.JUnitReportReporter -->
<testsuite hostname="ShwetaSangolkar" failures="0" tests="1" name="com.sauce.qa.testpage.FinishPageTest" time="26.823" errors="0" timestamp="2023-03-17T15:40:41 SAST" skipped="0">
  <testcase classname="com.sauce.qa.testpage.FinishPageTest" name="validateClickOnFinishPage" time="26.823"/>
  <system-out/>
</testsuite> <!-- com.sauce.qa.testpage.FinishPageTest -->
