<?xml version="1.0" encoding="UTF-8"?>
<!-- Generated by org.testng.reporters.JUnitReportReporter -->
<testsuite hostname="ShwetaSangolkar" failures="0" tests="1" name="com.sauce.qa.testpage.ProductPageTest" time="11.649" errors="0" timestamp="2023-03-10T11:26:25 SAST" skipped="0">
  <testcase classname="com.sauce.qa.testpage.ProductPageTest" name="validateaddToCartTest" time="11.649"/>
  <system-out/>
</testsuite> <!-- com.sauce.qa.testpage.ProductPageTest -->
