<?xml version="1.0" encoding="UTF-8"?>
<!-- Generated by org.testng.reporters.JUnitReportReporter -->
<testsuite hostname="ShwetaSangolkar" failures="0" tests="1" name="com.sauce.qa.testpage.LogoutPageTest" time="20.644" errors="0" timestamp="2023-03-13T15:02:24 SAST" skipped="0">
  <testcase classname="com.sauce.qa.testpage.LogoutPageTest" name="validatelogoutPageTest" time="20.644"/>
  <system-out/>
</testsuite> <!-- com.sauce.qa.testpage.LogoutPageTest -->
