<?xml version="1.0" encoding="UTF-8"?>
<!-- Generated by org.testng.reporters.JUnitReportReporter -->
<testsuite hostname="ShwetaSangolkar" failures="0" tests="1" name="com.sauce.qa.testpage.CheckOutPageTest" time="19.461" errors="0" timestamp="2023-03-10T18:39:15 SAST" skipped="0">
  <testcase classname="com.sauce.qa.testpage.CheckOutPageTest" name="validateCheckOutPageTest" time="19.461"/>
  <system-out/>
</testsuite> <!-- com.sauce.qa.testpage.CheckOutPageTest -->
